<?xml version="1.0" encoding="UTF-8"?>
<!-- Generated by org.testng.reporters.JUnitReportReporter -->
<testsuite hostname="DESKTOP-DI6186I" failures="0" tests="3" name="Testcase.HomePage1_Test" time="10.764" errors="0" timestamp="2022-12-23T22:04:59 IST" skipped="2">
  <testcase classname="Testcase.HomePage1_Test" name="bookingtest" time="10.764"/>
  <system-out/>
  <testcase classname="Testcase.HomePage1_Test" name="verifyurltest">
    <skipped/>
  </testcase> <!-- verifyurltest -->
  <system-out/>
  <testcase classname="Testcase.HomePage1_Test" name="verifylogotest">
    <skipped/>
  </testcase> <!-- verifylogotest -->
  <system-out/>
</testsuite> <!-- Testcase.HomePage1_Test -->
